# JRE version: Java(TM) SE Runtime Environment (8.0_91-b14) (build 1.8.0_91-b14)
# Java VM: Java HotSpot(TM) 64-Bit Server VM (25.91-b14 mixed mode bsd-amd64 compressed oops)
Heap:
 PSYoungGen      total 47104K, used 13083K [0x0000000795580000, 0x0000000799d80000, 0x00000007c0000000)
  eden space 39424K, 13% used [0x0000000795580000,0x0000000795ac9e10,0x0000000797c00000)
  from space 7680K, 99% used [0x0000000798980000,0x00000007990fce80,0x0000000799100000)
  to   space 13824K, 0% used [0x0000000797c00000,0x0000000797c00000,0x0000000798980000)
 ParOldGen       total 61952K, used 15681K [0x0000000740000000, 0x0000000743c80000, 0x0000000795580000)
  object space 61952K, 25% used [0x0000000740000000,0x0000000740f506b8,0x0000000743c80000)
 Metaspace       used 27414K, capacity 27702K, committed 28032K, reserved 1073152K
  class space    used 3562K, capacity 3659K, committed 3712K, reserved 1048576K
GC Heap History (10 events):
Event: 4.296 GC heap before
{Heap before GC invocations=3 (full 0):
 PSYoungGen      total 38400K, used 38377K [0x0000000795580000, 0x0000000798000000, 0x00000007c0000000)
  eden space 33280K, 100% used [0x0000000795580000,0x0000000797600000,0x0000000797600000)
  from space 5120K, 99% used [0x0000000797b00000,0x0000000797ffa470,0x0000000798000000)
  to   space 5120K, 0% used [0x0000000797600000,0x0000000797600000,0x0000000797b00000)
 ParOldGen       total 87552K, used 155K [0x0000000740000000, 0x0000000745580000, 0x0000000795580000)
  object space 87552K, 0% used [0x0000000740000000,0x0000000740026c08,0x0000000745580000)
 Metaspace       used 14432K, capacity 14658K, committed 14976K, reserved 1062912K
  class space    used 1806K, capacity 1871K, committed 1920K, reserved 1048576K
Event: 4.305 GC heap after
Heap after GC invocations=3 (full 0):
 PSYoungGen      total 38400K, used 5095K [0x0000000795580000, 0x0000000798000000, 0x00000007c0000000)
  eden space 33280K, 0% used [0x0000000795580000,0x0000000795580000,0x0000000797600000)
  from space 5120K, 99% used [0x0000000797600000,0x0000000797af9df8,0x0000000797b00000)
  to   space 5120K, 0% used [0x0000000797b00000,0x0000000797b00000,0x0000000798000000)
 ParOldGen       total 87552K, used 818K [0x0000000740000000, 0x0000000745580000, 0x0000000795580000)
  object space 87552K, 0% used [0x0000000740000000,0x00000007400cca60,0x0000000745580000)
 Metaspace       used 14432K, capacity 14658K, committed 14976K, reserved 1062912K
  class space    used 1806K, capacity 1871K, committed 1920K, reserved 1048576K
}
Event: 5.058 GC heap before
{Heap before GC invocations=4 (full 0):
 PSYoungGen      total 38400K, used 30738K [0x0000000795580000, 0x0000000798000000, 0x00000007c0000000)
  eden space 33280K, 77% used [0x0000000795580000,0x0000000796e8acb8,0x0000000797600000)
  from space 5120K, 99% used [0x0000000797600000,0x0000000797af9df8,0x0000000797b00000)
  to   space 5120K, 0% used [0x0000000797b00000,0x0000000797b00000,0x0000000798000000)
 ParOldGen       total 87552K, used 818K [0x0000000740000000, 0x0000000745580000, 0x0000000795580000)
  object space 87552K, 0% used [0x0000000740000000,0x00000007400cca60,0x0000000745580000)
 Metaspace       used 20886K, capacity 21102K, committed 21248K, reserved 1067008K
  class space    used 2696K, capacity 2785K, committed 2816K, reserved 1048576K
Event: 5.073 GC heap after
Heap after GC invocations=4 (full 0):
 PSYoungGen      total 38400K, used 5088K [0x0000000795580000, 0x000000079a080000, 0x00000007c0000000)
  eden space 33280K, 0% used [0x0000000795580000,0x0000000795580000,0x0000000797600000)
  from space 5120K, 99% used [0x0000000797b00000,0x0000000797ff8040,0x0000000798000000)
  to   space 5120K, 0% used [0x0000000797600000,0x0000000797600000,0x0000000797b00000)
 ParOldGen       total 87552K, used 2371K [0x0000000740000000, 0x0000000745580000, 0x0000000795580000)
  object space 87552K, 2% used [0x0000000740000000,0x0000000740250f90,0x0000000745580000)
 Metaspace       used 20886K, capacity 21102K, committed 21248K, reserved 1067008K
  class space    used 2696K, capacity 2785K, committed 2816K, reserved 1048576K
}
Event: 5.073 GC heap before
{Heap before GC invocations=5 (full 1):
 PSYoungGen      total 38400K, used 5088K [0x0000000795580000, 0x000000079a080000, 0x00000007c0000000)
  eden space 33280K, 0% used [0x0000000795580000,0x0000000795580000,0x0000000797600000)
  from space 5120K, 99% used [0x0000000797b00000,0x0000000797ff8040,0x0000000798000000)
  to   space 5120K, 0% used [0x0000000797600000,0x0000000797600000,0x0000000797b00000)
 ParOldGen       total 87552K, used 2371K [0x0000000740000000, 0x0000000745580000, 0x0000000795580000)
  object space 87552K, 2% used [0x0000000740000000,0x0000000740250f90,0x0000000745580000)
 Metaspace       used 20886K, capacity 21102K, committed 21248K, reserved 1067008K
  class space    used 2696K, capacity 2785K, committed 2816K, reserved 1048576K
Event: 5.155 GC heap after
Heap after GC invocations=5 (full 1):
 PSYoungGen      total 38400K, used 0K [0x0000000795580000, 0x000000079a080000, 0x00000007c0000000)
  eden space 33280K, 0% used [0x0000000795580000,0x0000000795580000,0x0000000797600000)
  from space 5120K, 0% used [0x0000000797b00000,0x0000000797b00000,0x0000000798000000)
  to   space 5120K, 0% used [0x0000000797600000,0x0000000797600000,0x0000000797b00000)
 ParOldGen       total 61952K, used 6521K [0x0000000740000000, 0x0000000743c80000, 0x0000000795580000)
  object space 61952K, 10% used [0x0000000740000000,0x000000074065e450,0x0000000743c80000)
 Metaspace       used 20886K, capacity 21102K, committed 21248K, reserved 1067008K
  class space    used 2696K, capacity 2785K, committed 2816K, reserved 1048576K
}
Event: 5.808 GC heap before
{Heap before GC invocations=6 (full 1):
 PSYoungGen      total 38400K, used 33280K [0x0000000795580000, 0x000000079a080000, 0x00000007c0000000)
  eden space 33280K, 100% used [0x0000000795580000,0x0000000797600000,0x0000000797600000)
  from space 5120K, 0% used [0x0000000797b00000,0x0000000797b00000,0x0000000798000000)
  to   space 5120K, 0% used [0x0000000797600000,0x0000000797600000,0x0000000797b00000)
 ParOldGen       total 61952K, used 6521K [0x0000000740000000, 0x0000000743c80000, 0x0000000795580000)
  object space 61952K, 10% used [0x0000000740000000,0x000000074065e450,0x0000000743c80000)
 Metaspace       used 23994K, capacity 24198K, committed 24576K, reserved 1071104K
  class space    used 3175K, capacity 3237K, committed 3328K, reserved 1048576K
Event: 5.812 GC heap after
Heap after GC invocations=6 (full 1):
 PSYoungGen      total 38400K, used 3233K [0x0000000795580000, 0x0000000799100000, 0x00000007c0000000)
  eden space 33280K, 0% used [0x0000000795580000,0x0000000795580000,0x0000000797600000)
  from space 5120K, 63% used [0x0000000797600000,0x00000007979285d0,0x0000000797b00000)
  to   space 7680K, 0% used [0x0000000798980000,0x0000000798980000,0x0000000799100000)
 ParOldGen       total 61952K, used 6529K [0x0000000740000000, 0x0000000743c80000, 0x0000000795580000)
  object space 61952K, 10% used [0x0000000740000000,0x0000000740660450,0x0000000743c80000)
 Metaspace       used 23994K, capacity 24198K, committed 24576K, reserved 1071104K
  class space    used 3175K, capacity 3237K, committed 3328K, reserved 1048576K
}
Event: 7.254 GC heap before
{Heap before GC invocations=7 (full 1):
 PSYoungGen      total 38400K, used 36513K [0x0000000795580000, 0x0000000799100000, 0x00000007c0000000)
  eden space 33280K, 100% used [0x0000000795580000,0x0000000797600000,0x0000000797600000)
  from space 5120K, 63% used [0x0000000797600000,0x00000007979285d0,0x0000000797b00000)
  to   space 7680K, 0% used [0x0000000798980000,0x0000000798980000,0x0000000799100000)
 ParOldGen       total 61952K, used 6529K [0x0000000740000000, 0x0000000743c80000, 0x0000000795580000)
  object space 61952K, 10% used [0x0000000740000000,0x0000000740660450,0x0000000743c80000)
 Metaspace       used 26864K, capacity 27126K, committed 27520K, reserved 1073152K
  class space    used 3508K, capacity 3595K, committed 3712K, reserved 1048576K
Event: 7.270 GC heap after
Heap after GC invocations=7 (full 1):
 PSYoungGen      total 47104K, used 7667K [0x0000000795580000, 0x0000000799d80000, 0x00000007c0000000)
  eden space 39424K, 0% used [0x0000000795580000,0x0000000795580000,0x0000000797c00000)
  from space 7680K, 99% used [0x0000000798980000,0x00000007990fce80,0x0000000799100000)
  to   space 13824K, 0% used [0x0000000797c00000,0x0000000797c00000,0x0000000798980000)
 ParOldGen       total 61952K, used 15681K [0x0000000740000000, 0x0000000743c80000, 0x0000000795580000)
  object space 61952K, 25% used [0x0000000740000000,0x0000000740f506b8,0x0000000743c80000)
 Metaspace       used 26864K, capacity 27126K, committed 27520K, reserved 1073152K
  class space    used 3508K, capacity 3595K, committed 3712K, reserved 1048576K
}

